2024-05-08 12:36:57,743 - INFO - funxiona
2024-05-08 12:36:58,136 - INFO - Input validated succesfully.
2024-05-08 12:36:58,136 - INFO - Punctuation fixed succesfully.
2024-05-08 12:36:58,136 - INFO - Words disordered succesfully.
2024-05-08 12:36:58,136 - INFO - Input validated succesfully.
2024-05-08 12:36:58,136 - INFO - Punctuation fixed succesfully.
2024-05-08 12:36:58,136 - INFO - Words disordered succesfully.
2024-05-08 12:36:58,136 - INFO - Input validated succesfully.
2024-05-08 12:36:58,136 - INFO - Punctuation fixed succesfully.
2024-05-08 12:36:58,136 - INFO - Words disordered succesfully.
2024-05-08 12:36:58,136 - INFO - Input validated succesfully.
2024-05-08 12:36:58,136 - INFO - Punctuation fixed succesfully.
2024-05-08 12:36:58,136 - INFO - Words disordered succesfully.
2024-05-08 12:38:26,263 - INFO - funxiona
2024-05-08 12:38:26,644 - INFO - Input validated succesfully.
2024-05-08 12:38:26,644 - INFO - Punctuation fixed succesfully.
2024-05-08 12:38:26,644 - INFO - Words disordered succesfully.
2024-05-08 12:38:26,644 - INFO - Input validated succesfully.
2024-05-08 12:38:26,644 - INFO - Punctuation fixed succesfully.
2024-05-08 12:38:26,645 - INFO - Words disordered succesfully.
2024-05-08 12:38:26,645 - INFO - Input validated succesfully.
2024-05-08 12:38:26,645 - INFO - Punctuation fixed succesfully.
2024-05-08 12:38:26,645 - INFO - Words disordered succesfully.
2024-05-08 12:38:26,645 - INFO - Input validated succesfully.
2024-05-08 12:38:26,645 - INFO - Punctuation fixed succesfully.
2024-05-08 12:38:26,645 - INFO - Words disordered succesfully.
2024-05-08 12:38:26,645 - INFO - Program ended, time elapsed: 0.001
2024-05-08 12:40:13,694 - INFO - funxiona
2024-05-08 12:40:14,077 - INFO - Input validated succesfully.
2024-05-08 12:40:14,077 - INFO - Punctuation fixed succesfully.
2024-05-08 12:40:14,077 - INFO - Words disordered succesfully.
2024-05-08 12:40:14,077 - INFO - Input validated succesfully.
2024-05-08 12:40:14,077 - INFO - Punctuation fixed succesfully.
2024-05-08 12:40:14,077 - INFO - Words disordered succesfully.
2024-05-08 12:40:14,077 - INFO - Input validated succesfully.
2024-05-08 12:40:14,077 - INFO - Punctuation fixed succesfully.
2024-05-08 12:40:14,077 - INFO - Words disordered succesfully.
2024-05-08 12:40:14,077 - INFO - Input validated succesfully.
2024-05-08 12:40:14,077 - INFO - Punctuation fixed succesfully.
2024-05-08 12:40:14,077 - INFO - Words disordered succesfully.
2024-05-08 12:40:14,078 - INFO - Program ended, time elapsed: 0.001
2024-05-08 12:40:34,954 - INFO - funxiona
2024-05-08 12:40:35,341 - INFO - Input validated succesfully.
2024-05-08 12:40:35,341 - INFO - Punctuation fixed succesfully.
2024-05-08 12:40:35,341 - INFO - Words disordered succesfully.
2024-05-08 12:40:35,341 - INFO - Input validated succesfully.
2024-05-08 12:40:35,341 - INFO - Punctuation fixed succesfully.
2024-05-08 12:40:35,341 - INFO - Words disordered succesfully.
2024-05-08 12:40:35,341 - INFO - Input validated succesfully.
2024-05-08 12:40:35,341 - INFO - Punctuation fixed succesfully.
2024-05-08 12:40:35,341 - INFO - Words disordered succesfully.
2024-05-08 12:40:35,341 - INFO - Input validated succesfully.
2024-05-08 12:40:35,341 - INFO - Punctuation fixed succesfully.
2024-05-08 12:40:35,341 - INFO - Words disordered succesfully.
2024-05-08 12:40:35,341 - INFO - Program ended, time elapsed: 0.001

2024-05-08 12:40:36,516 - INFO - funxiona
2024-05-08 12:40:36,905 - INFO - Input validated succesfully.
2024-05-08 12:40:36,905 - INFO - Punctuation fixed succesfully.
2024-05-08 12:40:36,905 - INFO - Words disordered succesfully.
2024-05-08 12:40:36,905 - INFO - Input validated succesfully.
2024-05-08 12:40:36,905 - INFO - Punctuation fixed succesfully.
2024-05-08 12:40:36,906 - INFO - Words disordered succesfully.
2024-05-08 12:40:36,906 - INFO - Input validated succesfully.
2024-05-08 12:40:36,906 - INFO - Punctuation fixed succesfully.
2024-05-08 12:40:36,906 - INFO - Words disordered succesfully.
2024-05-08 12:40:36,906 - INFO - Input validated succesfully.
2024-05-08 12:40:36,906 - INFO - Punctuation fixed succesfully.
2024-05-08 12:40:36,906 - INFO - Words disordered succesfully.
2024-05-08 12:40:36,906 - INFO - Program ended, time elapsed: 0.001

2024-05-08 12:42:09,992 - INFO - funxiona
2024-05-08 12:42:10,385 - INFO - Input validated succesfully.
2024-05-08 12:42:10,385 - INFO - Punctuation fixed succesfully.
2024-05-08 12:42:10,385 - INFO - Words disordered succesfully.
2024-05-08 12:42:10,385 - INFO - Input validated succesfully.
2024-05-08 12:42:10,385 - INFO - Punctuation fixed succesfully.
2024-05-08 12:42:10,385 - INFO - Words disordered succesfully.
2024-05-08 12:42:10,385 - INFO - Input validated succesfully.
2024-05-08 12:42:10,385 - INFO - Punctuation fixed succesfully.
2024-05-08 12:42:10,385 - INFO - Words disordered succesfully.
2024-05-08 12:42:10,386 - WARNING - Text is empty or too short.
2024-05-08 12:42:10,386 - INFO - Punctuation fixed succesfully.
2024-05-08 12:42:10,386 - INFO - Words disordered succesfully.
2024-05-08 12:42:10,386 - INFO - Program ended, time elapsed: 0.001
2024-05-08 12:42:54,818 - INFO - funxiona
2024-05-08 12:42:55,204 - INFO - Input validated succesfully.
2024-05-08 12:42:55,204 - INFO - Punctuation fixed succesfully.
2024-05-08 12:42:55,204 - INFO - Words disordered succesfully.
2024-05-08 12:42:55,204 - INFO - Input validated succesfully.
2024-05-08 12:42:55,204 - INFO - Punctuation fixed succesfully.
2024-05-08 12:42:55,204 - INFO - Words disordered succesfully.
2024-05-08 12:42:55,204 - INFO - Input validated succesfully.
2024-05-08 12:42:55,204 - INFO - Punctuation fixed succesfully.
2024-05-08 12:42:55,204 - INFO - Words disordered succesfully.
2024-05-08 12:42:55,205 - WARNING - Text is empty or too short, proceeding anyways... Text: ult
2024-05-08 12:42:55,205 - INFO - Punctuation fixed succesfully.
2024-05-08 12:42:55,205 - INFO - Words disordered succesfully.
2024-05-08 12:42:55,205 - INFO - Program ended, time elapsed: 0.001
2024-05-08 12:43:39,527 - INFO - funxiona
2024-05-08 12:43:39,916 - INFO - Input validated succesfully.
2024-05-08 12:43:39,916 - INFO - Punctuation fixed succesfully.
2024-05-08 12:43:39,916 - INFO - Words disordered succesfully.
2024-05-08 12:43:39,916 - INFO - Input validated succesfully.
2024-05-08 12:43:39,916 - INFO - Punctuation fixed succesfully.
2024-05-08 12:43:39,917 - INFO - Words disordered succesfully.
2024-05-08 12:43:39,917 - INFO - Input validated succesfully.
2024-05-08 12:43:39,917 - INFO - Punctuation fixed succesfully.
2024-05-08 12:43:39,917 - INFO - Words disordered succesfully.
2024-05-08 12:43:39,917 - WARNING - Text is empty or too short ('ult'), proceeding anyways...
2024-05-08 12:43:39,917 - INFO - Punctuation fixed succesfully.
2024-05-08 12:43:39,917 - INFO - Words disordered succesfully.
2024-05-08 12:43:39,917 - INFO - Program ended, time elapsed: 0.001
2024-05-08 12:45:42,962 - INFO - funxiona
2024-05-08 12:45:43,351 - INFO - All input data loaded (['abcd.txt', 'titos.txt', 'tiruelas.txt', 'ultimo.txt'])
2024-05-08 12:45:43,351 - INFO - Input validated succesfully.
2024-05-08 12:45:43,351 - INFO - Punctuation fixed succesfully.
2024-05-08 12:45:43,351 - INFO - Words disordered succesfully.
2024-05-08 12:45:43,351 - INFO - Input validated succesfully.
2024-05-08 12:45:43,351 - INFO - Punctuation fixed succesfully.
2024-05-08 12:45:43,351 - INFO - Words disordered succesfully.
2024-05-08 12:45:43,351 - INFO - Input validated succesfully.
2024-05-08 12:45:43,351 - INFO - Punctuation fixed succesfully.
2024-05-08 12:45:43,351 - INFO - Words disordered succesfully.
2024-05-08 12:45:43,351 - WARNING - Text is empty or too short ('ult'), proceeding anyways...
2024-05-08 12:45:43,351 - INFO - Punctuation fixed succesfully.
2024-05-08 12:45:43,351 - INFO - Words disordered succesfully.
2024-05-08 12:45:43,351 - INFO - Program ended, time elapsed: 0.001
2024-05-08 12:49:44,289 - INFO - funxiona
2024-05-08 12:49:44,679 - INFO - All input data loaded (['abcd.txt', 'titos.txt', 'tiruelas.txt', 'ultimo.txt'])
2024-05-08 12:49:44,679 - INFO - Input validated succesfully.
2024-05-08 12:49:44,679 - INFO - Punctuation fixed succesfully.
2024-05-08 12:49:44,679 - INFO - Words disordered succesfully.
2024-05-08 12:49:44,679 - INFO - Text disordered (abcd.txt)
2024-05-08 12:49:44,679 - INFO - Input validated succesfully.
2024-05-08 12:49:44,679 - INFO - Punctuation fixed succesfully.
2024-05-08 12:49:44,679 - INFO - Words disordered succesfully.
2024-05-08 12:49:44,679 - INFO - Text disordered (titos.txt)
2024-05-08 12:49:44,679 - INFO - Input validated succesfully.
2024-05-08 12:49:44,679 - INFO - Punctuation fixed succesfully.
2024-05-08 12:49:44,679 - INFO - Words disordered succesfully.
2024-05-08 12:49:44,679 - INFO - Text disordered (tiruelas.txt)
2024-05-08 12:49:44,679 - WARNING - Text is empty or too short ('ult'), proceeding anyways...
2024-05-08 12:49:44,679 - INFO - Punctuation fixed succesfully.
2024-05-08 12:49:44,679 - INFO - Words disordered succesfully.
2024-05-08 12:49:44,679 - INFO - Text disordered (ultimo.txt)
2024-05-08 12:49:44,679 - INFO - Program ended, time elapsed: 0.001
2024-05-08 12:50:01,444 - INFO - funxiona
2024-05-08 12:50:01,823 - INFO - All input data loaded (['abcd.txt', 'titos.txt', 'tiruelas.txt', 'ultimo.txt'])
2024-05-08 12:50:01,823 - INFO - Input validated succesfully.
2024-05-08 12:50:01,823 - INFO - Punctuation fixed succesfully.
2024-05-08 12:50:01,823 - INFO - Text disordered (abcd.txt)
2024-05-08 12:50:01,823 - INFO - Input validated succesfully.
2024-05-08 12:50:01,823 - INFO - Punctuation fixed succesfully.
2024-05-08 12:50:01,823 - INFO - Text disordered (titos.txt)
2024-05-08 12:50:01,823 - INFO - Input validated succesfully.
2024-05-08 12:50:01,823 - INFO - Punctuation fixed succesfully.
2024-05-08 12:50:01,823 - INFO - Text disordered (tiruelas.txt)
2024-05-08 12:50:01,823 - WARNING - Text is empty or too short ('ult'), proceeding anyways...
2024-05-08 12:50:01,823 - INFO - Punctuation fixed succesfully.
2024-05-08 12:50:01,823 - INFO - Text disordered (ultimo.txt)
2024-05-08 12:50:01,823 - INFO - Program ended, time elapsed: 0.001
2024-05-08 12:50:57,163 - INFO - funxiona
2024-05-08 12:50:57,549 - INFO - All input data loaded (['abcd.txt', 'titos.txt', 'tiruelas.txt', 'ultimo.txt'])
2024-05-08 12:50:57,549 - INFO - Input validated (abcd.txt)
2024-05-08 12:50:57,549 - INFO - Punctuation fixed (abcd.txt)
2024-05-08 12:50:57,549 - INFO - Text disordered (abcd.txt)
2024-05-08 12:50:57,549 - INFO - Input validated (titos.txt)
2024-05-08 12:50:57,549 - INFO - Punctuation fixed (titos.txt)
2024-05-08 12:50:57,549 - INFO - Text disordered (titos.txt)
2024-05-08 12:50:57,549 - INFO - Input validated (tiruelas.txt)
2024-05-08 12:50:57,549 - INFO - Punctuation fixed (tiruelas.txt)
2024-05-08 12:50:57,549 - INFO - Text disordered (tiruelas.txt)
2024-05-08 12:50:57,549 - WARNING - Text is empty or too short ('ult'), proceeding anyways...
2024-05-08 12:50:57,549 - INFO - Input validated (ultimo.txt)
2024-05-08 12:50:57,549 - INFO - Punctuation fixed (ultimo.txt)
2024-05-08 12:50:57,549 - INFO - Text disordered (ultimo.txt)
2024-05-08 12:50:57,549 - INFO - Program ended, time elapsed: 0.001
2024-05-08 12:52:03,479 - INFO - Program started, loading input data.
2024-05-08 12:52:03,479 - INFO - All input data loaded (['abcd.txt', 'titos.txt', 'tiruelas.txt', 'ultimo.txt'])
2024-05-08 12:52:03,479 - INFO - Input validated (abcd.txt)
2024-05-08 12:52:03,479 - INFO - Punctuation fixed (abcd.txt)
2024-05-08 12:52:03,479 - INFO - Text disordered (abcd.txt)
2024-05-08 12:52:03,479 - INFO - Input validated (titos.txt)
2024-05-08 12:52:03,479 - INFO - Punctuation fixed (titos.txt)
2024-05-08 12:52:03,479 - INFO - Text disordered (titos.txt)
2024-05-08 12:52:03,480 - INFO - Input validated (tiruelas.txt)
2024-05-08 12:52:03,480 - INFO - Punctuation fixed (tiruelas.txt)
2024-05-08 12:52:03,480 - INFO - Text disordered (tiruelas.txt)
2024-05-08 12:52:03,480 - WARNING - Text is empty or too short ('ult'), proceeding anyways...
2024-05-08 12:52:03,480 - INFO - Input validated (ultimo.txt)
2024-05-08 12:52:03,480 - INFO - Punctuation fixed (ultimo.txt)
2024-05-08 12:52:03,480 - INFO - Text disordered (ultimo.txt)
2024-05-08 12:52:03,480 - INFO - Program ended, time elapsed: 0.001
2024-05-08 12:53:05,624 - INFO - Program started, loading input data.
2024-05-08 12:53:05,625 - INFO - All input data loaded (['abcd.txt', 'titos.txt', 'tiruelas.txt', 'ultimo.txt'])
2024-05-08 12:53:05,625 - INFO - Input validated (abcd.txt)
2024-05-08 12:53:05,625 - INFO - Punctuation fixed (abcd.txt)
2024-05-08 12:53:05,625 - INFO - Text disordered (abcd.txt)
2024-05-08 12:53:05,625 - INFO - Input validated (titos.txt)
2024-05-08 12:53:05,625 - INFO - Punctuation fixed (titos.txt)
2024-05-08 12:53:05,625 - INFO - Text disordered (titos.txt)
2024-05-08 12:53:05,625 - INFO - Input validated (tiruelas.txt)
2024-05-08 12:53:05,625 - INFO - Punctuation fixed (tiruelas.txt)
2024-05-08 12:53:05,625 - INFO - Text disordered (tiruelas.txt)
2024-05-08 12:53:05,625 - WARNING - Text is empty or too short ('ult'), proceeding anyways...
2024-05-08 12:53:05,625 - INFO - Input validated (ultimo.txt)
2024-05-08 12:53:05,625 - INFO - Punctuation fixed (ultimo.txt)
2024-05-08 12:53:05,625 - INFO - Text disordered (ultimo.txt)
2024-05-08 12:53:05,625 - INFO - Program ended, time elapsed: 0.001
2024-05-08 12:53:16,867 - INFO - Program started, loading input data.
2024-05-08 12:53:16,867 - INFO - All input data loaded (['abcd.txt', 'titos.txt', 'tiruelas.txt', 'ultimo.txt'])
2024-05-08 12:53:16,867 - INFO - Input validated (abcd.txt)
2024-05-08 12:53:16,867 - INFO - Punctuation fixed (abcd.txt)
2024-05-08 12:53:16,867 - INFO - Text disordered (abcd.txt)
2024-05-08 12:53:16,867 - INFO - Input validated (titos.txt)
2024-05-08 12:53:16,867 - INFO - Punctuation fixed (titos.txt)
2024-05-08 12:53:16,867 - INFO - Text disordered (titos.txt)
2024-05-08 12:53:16,867 - INFO - Input validated (tiruelas.txt)
2024-05-08 12:53:16,868 - INFO - Punctuation fixed (tiruelas.txt)
2024-05-08 12:53:16,868 - INFO - Text disordered (tiruelas.txt)
2024-05-08 12:53:16,868 - WARNING - Text is empty or too short ('ult'), proceeding anyways...
2024-05-08 12:53:16,868 - INFO - Input validated (ultimo.txt)
2024-05-08 12:53:16,868 - INFO - Punctuation fixed (ultimo.txt)
2024-05-08 12:53:16,868 - INFO - Text disordered (ultimo.txt)
2024-05-08 12:53:16,868 - INFO - Program ended, time elapsed: 0.001
